rm -f core *~ */core */*~
rm -f */*.o */*.obj */*.exe */*.mod */npbparams.h */blk_par.h
rm -f sys/setparams sys/makesuite sys/setparams.h
rm -rf */rii_files
   ============================================
   =      NAS PARALLEL BENCHMARKS 3.4         =
   =      OpenMP Versions                     =
   =      Fortran/C                           =
   ============================================

cd FT; make CLASS=S
make[1]: Entering directory '/home/anna/Paralelizacao-do-NPB-Utilizando-DO-CONCURRENT/DO_CONCURRENT/FT'
make[2]: Entering directory '/home/anna/Paralelizacao-do-NPB-Utilizando-DO-CONCURRENT/DO_CONCURRENT/sys'
gcc  -o setparams setparams.c
make[2]: Leaving directory '/home/anna/Paralelizacao-do-NPB-Utilizando-DO-CONCURRENT/DO_CONCURRENT/sys'
../sys/setparams ft S
make[2]: Entering directory '/home/anna/Paralelizacao-do-NPB-Utilizando-DO-CONCURRENT/DO_CONCURRENT/FT'
sed -e 's/=0/=32/' blk_par0.h > blk_par.h_wk
nvfortran -c -I../common -I. -O3 -stdpar=multicore -Mpreprocess -Mfree ft_data.f90
make[2]: nvfortran: No such file or directory
make[2]: *** [Makefile:29: ft_data.o] Error 127
make[2]: Leaving directory '/home/anna/Paralelizacao-do-NPB-Utilizando-DO-CONCURRENT/DO_CONCURRENT/FT'
make[1]: *** [Makefile:17: ../bin/ft.S.x] Error 2
make[1]: Leaving directory '/home/anna/Paralelizacao-do-NPB-Utilizando-DO-CONCURRENT/DO_CONCURRENT/FT'
make: *** [Makefile:27: ft] Error 2
