rm -f core *~ */core */*~
rm -f */*.o */*.obj */*.exe */*.mod */npbparams.h */blk_par.h
rm -f sys/setparams sys/makesuite sys/setparams.h
rm -rf */rii_files
   ============================================
   =      NAS PARALLEL BENCHMARKS 3.4         =
   =      OpenMP Versions                     =
   =      Fortran/C                           =
   ============================================

cd IS; make CLASS=S
make[1]: Entering directory '/home/anna/Paralelizacao-do-NPB-Utilizando-DO-CONCURRENT/DO_CONCURRENT/IS'
make[2]: Entering directory '/home/anna/Paralelizacao-do-NPB-Utilizando-DO-CONCURRENT/DO_CONCURRENT/sys'
gcc  -o setparams setparams.c
make[2]: Leaving directory '/home/anna/Paralelizacao-do-NPB-Utilizando-DO-CONCURRENT/DO_CONCURRENT/sys'
../sys/setparams is S
nvfortran -O3 -stdpar=multicore -Mpreprocess -Mfree -DCLASS_S -c -o is.o is.f90
make[1]: nvfortran: No such file or directory
make[1]: *** [Makefile:17: is.o] Error 127
make[1]: Leaving directory '/home/anna/Paralelizacao-do-NPB-Utilizando-DO-CONCURRENT/DO_CONCURRENT/IS'
make: *** [Makefile:31: is] Error 2
