rm -f core *~ */core */*~
rm -f */*.o */*.obj */*.exe */*.mod */npbparams.h */blk_par.h
rm -f sys/setparams sys/makesuite sys/setparams.h
rm -rf */rii_files
   ============================================
   =      NAS PARALLEL BENCHMARKS 3.4         =
   =      OpenMP Versions                     =
   =      Fortran/C                           =
   ============================================

cd CG; make CLASS=S
make[1]: Entering directory '/home/anna/Paralelizacao-do-NPB-Utilizando-DO-CONCURRENT/DO_CONCURRENT/CG'
make[2]: Entering directory '/home/anna/Paralelizacao-do-NPB-Utilizando-DO-CONCURRENT/DO_CONCURRENT/sys'
gcc  -o setparams setparams.c
make[2]: Leaving directory '/home/anna/Paralelizacao-do-NPB-Utilizando-DO-CONCURRENT/DO_CONCURRENT/sys'
../sys/setparams cg S
nvfortran -I../common -I. -O3 -stdpar=multicore -Mpreprocess -Mfree -c cg_data.f90
make[1]: nvfortran: No such file or directory
make[1]: *** [Makefile:19: cg_data.o] Error 127
make[1]: Leaving directory '/home/anna/Paralelizacao-do-NPB-Utilizando-DO-CONCURRENT/DO_CONCURRENT/CG'
make: *** [Makefile:35: cg] Error 2
