rm -f core *~ */core */*~
rm -f */*.o */*.mod */*.obj */*.exe */npbparams.h */mpinpb.*
rm -f MPI_dummy/test MPI_dummy/libmpi.a
rm -f sys/setparams sys/makesuite sys/setparams.h
rm -f btio.*.out*
   =========================================
   =      NAS Parallel Benchmarks 3.4      =
   =      MPI/Fortran/C                    =
   =========================================

cd IS; make CLASS=C F08=def
make[1]: Entering directory '/home/arquitetura/anninyia/Paralelizacao-do-NPB-Utilizando-DO-CONCURRENT/MPI/IS'
make[2]: Entering directory '/home/arquitetura/anninyia/Paralelizacao-do-NPB-Utilizando-DO-CONCURRENT/MPI/sys'
gcc -g -DFORTRAN_REC_SIZE=0 -o setparams setparams.c
make[2]: Leaving directory '/home/arquitetura/anninyia/Paralelizacao-do-NPB-Utilizando-DO-CONCURRENT/MPI/sys'
../sys/setparams is C 
mpif90 -c  -O3 -cpp is.f90
cd ../common; mpif90 -c  -O3 -cpp print_results.f90
cd ../common; mpif90 -c  -O3 -cpp timers.f90
mpif90 -O3 -cpp -o ../bin/is.C.x is.o ../common/print_results.o ../common/timers.o 
make[1]: Leaving directory '/home/arquitetura/anninyia/Paralelizacao-do-NPB-Utilizando-DO-CONCURRENT/MPI/IS'
rm -f core *~ */core */*~
rm -f */*.o */*.mod */*.obj */*.exe */npbparams.h */mpinpb.*
rm -f MPI_dummy/test MPI_dummy/libmpi.a
rm -f sys/setparams sys/makesuite sys/setparams.h
rm -f btio.*.out*
   =========================================
   =      NAS Parallel Benchmarks 3.4      =
   =      MPI/Fortran/C                    =
   =========================================

cd IS; make CLASS=C F08=def
make[1]: Entering directory '/home/arquitetura/anninyia/Paralelizacao-do-NPB-Utilizando-DO-CONCURRENT/MPI/IS'
make[2]: Entering directory '/home/arquitetura/anninyia/Paralelizacao-do-NPB-Utilizando-DO-CONCURRENT/MPI/sys'
gcc -g -DFORTRAN_REC_SIZE=0 -o setparams setparams.c
make[2]: Leaving directory '/home/arquitetura/anninyia/Paralelizacao-do-NPB-Utilizando-DO-CONCURRENT/MPI/sys'
../sys/setparams is C 
mpif90 -O3 -cpp -DCLASS_C -c -o is.o is.f90
cd ../common; mpif90 -c  -O3 -cpp print_results.f90
cd ../common; mpif90 -c  -O3 -cpp timers.f90
mpif90 -O3 -cpp -o ../bin/is.C.x is.o ../common/print_results.o ../common/timers.o 
make[1]: Leaving directory '/home/arquitetura/anninyia/Paralelizacao-do-NPB-Utilizando-DO-CONCURRENT/MPI/IS'
rm -f core *~ */core */*~
rm -f */*.o */*.mod */*.obj */*.exe */npbparams.h */mpinpb.*
rm -f MPI_dummy/test MPI_dummy/libmpi.a
rm -f sys/setparams sys/makesuite sys/setparams.h
rm -f btio.*.out*
   =========================================
   =      NAS Parallel Benchmarks 3.4      =
   =      MPI/Fortran/C                    =
   =========================================

cd IS; make CLASS=C F08=def
make[1]: Entering directory '/home/arquitetura/anninyia/Paralelizacao-do-NPB-Utilizando-DO-CONCURRENT/MPI/IS'
make[2]: Entering directory '/home/arquitetura/anninyia/Paralelizacao-do-NPB-Utilizando-DO-CONCURRENT/MPI/sys'
gcc -g -DFORTRAN_REC_SIZE=0 -o setparams setparams.c
make[2]: Leaving directory '/home/arquitetura/anninyia/Paralelizacao-do-NPB-Utilizando-DO-CONCURRENT/MPI/sys'
../sys/setparams is C 
mpif90 -O3 -cpp -DCLASS_C -c -o is.o is.f90
cd ../common; mpif90 -c  -O3 -cpp print_results.f90
cd ../common; mpif90 -c  -O3 -cpp timers.f90
mpif90 -O3 -cpp -o ../bin/is.C.x is.o ../common/print_results.o ../common/timers.o 
make[1]: Leaving directory '/home/arquitetura/anninyia/Paralelizacao-do-NPB-Utilizando-DO-CONCURRENT/MPI/IS'
rm -f core *~ */core */*~
rm -f */*.o */*.mod */*.obj */*.exe */npbparams.h */mpinpb.*
rm -f MPI_dummy/test MPI_dummy/libmpi.a
rm -f sys/setparams sys/makesuite sys/setparams.h
rm -f btio.*.out*
   =========================================
   =      NAS Parallel Benchmarks 3.4      =
   =      MPI/Fortran/C                    =
   =========================================

cd IS; make CLASS=C F08=def
make[1]: Entering directory '/home/arquitetura/anninyia/Paralelizacao-do-NPB-Utilizando-DO-CONCURRENT/MPI/IS'
make[2]: Entering directory '/home/arquitetura/anninyia/Paralelizacao-do-NPB-Utilizando-DO-CONCURRENT/MPI/sys'
gcc -g -DFORTRAN_REC_SIZE=0 -o setparams setparams.c
make[2]: Leaving directory '/home/arquitetura/anninyia/Paralelizacao-do-NPB-Utilizando-DO-CONCURRENT/MPI/sys'
../sys/setparams is C 
mpif90 -O3 -cpp -DCLASS_C -c -o is.o is.f90
cd ../common; mpif90 -c  -O3 -cpp print_results.f90
cd ../common; mpif90 -c  -O3 -cpp timers.f90
mpif90 -O3 -cpp -o ../bin/is.C.x is.o ../common/print_results.o ../common/timers.o 
make[1]: Leaving directory '/home/arquitetura/anninyia/Paralelizacao-do-NPB-Utilizando-DO-CONCURRENT/MPI/IS'
