rm -f core *~ */core */*~
rm -f */*.o */*.obj */*.exe */*.mod */npbparams.h */blk_par.h
rm -f sys/setparams sys/makesuite sys/setparams.h
rm -rf */rii_files
   ============================================
   =      NAS PARALLEL BENCHMARKS 3.4         =
   =      OpenMP Versions                     =
   =      Fortran/C                           =
   ============================================

cd CG; make CLASS=C
make[1]: Entering directory '/home/arquitetura/anninyia/Paralelizacao-do-NPB-Utilizando-DO-CONCURRENT/OMP/CG'
make[2]: Entering directory '/home/arquitetura/anninyia/Paralelizacao-do-NPB-Utilizando-DO-CONCURRENT/OMP/sys'
gcc  -o setparams setparams.c
make[2]: Leaving directory '/home/arquitetura/anninyia/Paralelizacao-do-NPB-Utilizando-DO-CONCURRENT/OMP/sys'
../sys/setparams cg C
gfortran -c  -O3 -fopenmp cg_data.f90
gfortran -c  -O3 -fopenmp cg.f90
cd ../common; gfortran -c  -O3 -fopenmp print_results.f90
cd ../common; gfortran -c  -O3 -fopenmp randi8.f90
cd ../common; gfortran -c  -O3 -fopenmp timers.f90
cd ../common; gcc -c  -O3 -fopenmp  -o wtime.o ../common/wtime.c
gfortran -O3 -fopenmp -o ../bin/cg.C.x cg.o cg_data.o ../common/print_results.o ../common/randi8.o ../common/timers.o ../common/wtime.o 
make[1]: Leaving directory '/home/arquitetura/anninyia/Paralelizacao-do-NPB-Utilizando-DO-CONCURRENT/OMP/CG'
