rm -f core *~ */core */*~
rm -f */*.o */*.obj */*.exe */*.mod */npbparams.h */blk_par.h
rm -f sys/setparams sys/makesuite sys/setparams.h
rm -rf */rii_files
   ============================================
   =      NAS PARALLEL BENCHMARKS 3.4         =
   =      OpenMP Versions                     =
   =      Fortran/C                           =
   ============================================

cd IS; make CLASS=S
make[1]: Entering directory '/home/anna/Paralelizacao-do-NPB-Utilizando-DO-CONCURRENT/OMP/IS'
make[2]: Entering directory '/home/anna/Paralelizacao-do-NPB-Utilizando-DO-CONCURRENT/OMP/sys'
gcc  -o setparams setparams.c
make[2]: Leaving directory '/home/anna/Paralelizacao-do-NPB-Utilizando-DO-CONCURRENT/OMP/sys'
../sys/setparams is S
gfortran -O3 -fopenmp -cpp -DCLASS_S -c -o is.o is.f90
cd ../common; gfortran -c  -O3 -fopenmp print_results.f90
cd ../common; gfortran -c  -O3 -fopenmp timers.f90
gfortran -O3 -fopenmp -o ../bin/is.S.x is.o ../common/print_results.o ../common/timers.o 
make[1]: Leaving directory '/home/anna/Paralelizacao-do-NPB-Utilizando-DO-CONCURRENT/OMP/IS'
